2017-05-12 13:54:56,230 p=8507 u=root |  PLAY [create user] **********************************************************************************************
2017-05-12 13:54:56,368 p=8507 u=root |  TASK [Gathering Facts] ******************************************************************************************
2017-05-12 13:55:01,368 p=8507 u=root |  ok: [server1.local]
2017-05-12 13:55:01,385 p=8507 u=root |  ok: [server2.local]
2017-05-12 13:55:01,398 p=8507 u=root |  TASK [account : add user] ***************************************************************************************
2017-05-12 13:55:04,979 p=8507 u=root |  ok: [server2.local] => (item={u'username': u'ricks', u'shell': u'/bin/bash', u'name': u'Rick Snazhez', u'sudoers': True, u'groups': [u'sudo', u'admin'], u'home': u'/home/sanchez', u'password': u'$6$rUf6kRAF.n11QN$HXhEeqUYNg/nGeVYfRh/8kBsGrhhOX.IFDPuxekhSEXJGN8WUlzuQL9W/sVT7t7hVhQnz7oogUCInKEGFDc2K.', u'uid': 3001})
2017-05-12 13:55:05,009 p=8507 u=root |  ok: [server1.local] => (item={u'username': u'ricks', u'shell': u'/bin/bash', u'name': u'Rick Snazhez', u'sudoers': True, u'groups': [u'sudo', u'admin'], u'home': u'/home/sanchez', u'password': u'$6$rUf6kRAF.n11QN$HXhEeqUYNg/nGeVYfRh/8kBsGrhhOX.IFDPuxekhSEXJGN8WUlzuQL9W/sVT7t7hVhQnz7oogUCInKEGFDc2K.', u'uid': 3001})
2017-05-12 13:55:07,253 p=8507 u=root |  ok: [server2.local] => (item={u'username': u'morty', u'shell': u'/bin/sh', u'name': u'Morty Smith', u'groups': [u'users'], u'home': u'/var/tmp/morty', u'password': u'$6$qOMoGDUfSCsosOa$.KGEGUTzjDPHtfq9tOvmxnHrMjPuxqvSySWwLaFMLuQQmbCqTb235Cj9sUZ3gThSPbxaDb3raS0TCgjEi1/Ie.', u'uid': 3002})
2017-05-12 13:55:07,306 p=8507 u=root |  ok: [server1.local] => (item={u'username': u'morty', u'shell': u'/bin/sh', u'name': u'Morty Smith', u'groups': [u'users'], u'home': u'/var/tmp/morty', u'password': u'$6$qOMoGDUfSCsosOa$.KGEGUTzjDPHtfq9tOvmxnHrMjPuxqvSySWwLaFMLuQQmbCqTb235Cj9sUZ3gThSPbxaDb3raS0TCgjEi1/Ie.', u'uid': 3002})
2017-05-12 13:55:09,643 p=8507 u=root |  ok: [server2.local] => (item={u'username': u'beth', u'shell': u'/bin/sh', u'name': u'Beth Smith', u'groups': [u'users'], u'home': u'/home/beth', u'password': u'$6$CHtbSYp8BtkJ$rCnrIqvL9z5GouDTLOKEnpnBXh7MVFjU6u/7eO6d/UDjD3wOYIjTkAt0pOJsoTcP1umbA9cIeWAY8o1WVN49U0', u'uid': 3003})
2017-05-12 13:55:09,666 p=8507 u=root |  ok: [server1.local] => (item={u'username': u'beth', u'shell': u'/bin/sh', u'name': u'Beth Smith', u'groups': [u'users'], u'home': u'/home/beth', u'password': u'$6$CHtbSYp8BtkJ$rCnrIqvL9z5GouDTLOKEnpnBXh7MVFjU6u/7eO6d/UDjD3wOYIjTkAt0pOJsoTcP1umbA9cIeWAY8o1WVN49U0', u'uid': 3003})
2017-05-12 13:55:12,005 p=8507 u=root |  ok: [server2.local] => (item={u'username': u'jerry', u'shell': u'/bin/bash', u'name': u'Jerry Smith', u'groups': [u'users'], u'home': u'/tmp/jerry', u'password': u'$6$f5.Du.Ibme2UExp3$hbJB41vNG7IujdA3GdKteHUrPpYq59yXyWeOowRIcruvtawt6lBVZ9ADErq/AVrS2JbKvwc9LV4mTp3mSsxAZ0', u'uid': 3004})
2017-05-12 13:55:12,018 p=8507 u=root |  ok: [server1.local] => (item={u'username': u'jerry', u'shell': u'/bin/bash', u'name': u'Jerry Smith', u'groups': [u'users'], u'home': u'/tmp/jerry', u'password': u'$6$f5.Du.Ibme2UExp3$hbJB41vNG7IujdA3GdKteHUrPpYq59yXyWeOowRIcruvtawt6lBVZ9ADErq/AVrS2JbKvwc9LV4mTp3mSsxAZ0', u'uid': 3004})
2017-05-12 13:55:14,359 p=8507 u=root |  ok: [server1.local] => (item={u'username': u'summer', u'shell': u'/bin/sh', u'name': u'Summer Smith', u'groups': [u'users'], u'home': u'/home/summer', u'password': u'$6$jJKVWMqmwvh$sY2rg6nd0.JXBXlr37N2p1OTDe84EkZVQwJvxf0RpNGWekEJucILwTJhqAceO5CBuDd4eUwZW2467vSY6Fk940', u'uid': 3005})
2017-05-12 13:55:14,381 p=8507 u=root |  ok: [server2.local] => (item={u'username': u'summer', u'shell': u'/bin/sh', u'name': u'Summer Smith', u'groups': [u'users'], u'home': u'/home/summer', u'password': u'$6$jJKVWMqmwvh$sY2rg6nd0.JXBXlr37N2p1OTDe84EkZVQwJvxf0RpNGWekEJucILwTJhqAceO5CBuDd4eUwZW2467vSY6Fk940', u'uid': 3005})
2017-05-12 13:55:14,403 p=8507 u=root |  TASK [account : add ssh key] ************************************************************************************
2017-05-12 13:55:17,689 p=8507 u=root |  ok: [server1.local] => (item={u'username': u'ricks', u'shell': u'/bin/bash', u'name': u'Rick Snazhez', u'sudoers': True, u'groups': [u'sudo', u'admin'], u'home': u'/home/sanchez', u'password': u'$6$rUf6kRAF.n11QN$HXhEeqUYNg/nGeVYfRh/8kBsGrhhOX.IFDPuxekhSEXJGN8WUlzuQL9W/sVT7t7hVhQnz7oogUCInKEGFDc2K.', u'uid': 3001})
2017-05-12 13:55:17,699 p=8507 u=root |  ok: [server2.local] => (item={u'username': u'ricks', u'shell': u'/bin/bash', u'name': u'Rick Snazhez', u'sudoers': True, u'groups': [u'sudo', u'admin'], u'home': u'/home/sanchez', u'password': u'$6$rUf6kRAF.n11QN$HXhEeqUYNg/nGeVYfRh/8kBsGrhhOX.IFDPuxekhSEXJGN8WUlzuQL9W/sVT7t7hVhQnz7oogUCInKEGFDc2K.', u'uid': 3001})
2017-05-12 13:55:19,767 p=8507 u=root |  ok: [server1.local] => (item={u'username': u'morty', u'shell': u'/bin/sh', u'name': u'Morty Smith', u'groups': [u'users'], u'home': u'/var/tmp/morty', u'password': u'$6$qOMoGDUfSCsosOa$.KGEGUTzjDPHtfq9tOvmxnHrMjPuxqvSySWwLaFMLuQQmbCqTb235Cj9sUZ3gThSPbxaDb3raS0TCgjEi1/Ie.', u'uid': 3002})
2017-05-12 13:55:19,846 p=8507 u=root |  ok: [server2.local] => (item={u'username': u'morty', u'shell': u'/bin/sh', u'name': u'Morty Smith', u'groups': [u'users'], u'home': u'/var/tmp/morty', u'password': u'$6$qOMoGDUfSCsosOa$.KGEGUTzjDPHtfq9tOvmxnHrMjPuxqvSySWwLaFMLuQQmbCqTb235Cj9sUZ3gThSPbxaDb3raS0TCgjEi1/Ie.', u'uid': 3002})
2017-05-12 13:55:21,825 p=8507 u=root |  ok: [server1.local] => (item={u'username': u'beth', u'shell': u'/bin/sh', u'name': u'Beth Smith', u'groups': [u'users'], u'home': u'/home/beth', u'password': u'$6$CHtbSYp8BtkJ$rCnrIqvL9z5GouDTLOKEnpnBXh7MVFjU6u/7eO6d/UDjD3wOYIjTkAt0pOJsoTcP1umbA9cIeWAY8o1WVN49U0', u'uid': 3003})
2017-05-12 13:55:21,846 p=8507 u=root |  ok: [server2.local] => (item={u'username': u'beth', u'shell': u'/bin/sh', u'name': u'Beth Smith', u'groups': [u'users'], u'home': u'/home/beth', u'password': u'$6$CHtbSYp8BtkJ$rCnrIqvL9z5GouDTLOKEnpnBXh7MVFjU6u/7eO6d/UDjD3wOYIjTkAt0pOJsoTcP1umbA9cIeWAY8o1WVN49U0', u'uid': 3003})
2017-05-12 13:55:23,943 p=8507 u=root |  ok: [server2.local] => (item={u'username': u'jerry', u'shell': u'/bin/bash', u'name': u'Jerry Smith', u'groups': [u'users'], u'home': u'/tmp/jerry', u'password': u'$6$f5.Du.Ibme2UExp3$hbJB41vNG7IujdA3GdKteHUrPpYq59yXyWeOowRIcruvtawt6lBVZ9ADErq/AVrS2JbKvwc9LV4mTp3mSsxAZ0', u'uid': 3004})
2017-05-12 13:55:24,030 p=8507 u=root |  ok: [server1.local] => (item={u'username': u'jerry', u'shell': u'/bin/bash', u'name': u'Jerry Smith', u'groups': [u'users'], u'home': u'/tmp/jerry', u'password': u'$6$f5.Du.Ibme2UExp3$hbJB41vNG7IujdA3GdKteHUrPpYq59yXyWeOowRIcruvtawt6lBVZ9ADErq/AVrS2JbKvwc9LV4mTp3mSsxAZ0', u'uid': 3004})
2017-05-12 13:55:26,122 p=8507 u=root |  ok: [server1.local] => (item={u'username': u'summer', u'shell': u'/bin/sh', u'name': u'Summer Smith', u'groups': [u'users'], u'home': u'/home/summer', u'password': u'$6$jJKVWMqmwvh$sY2rg6nd0.JXBXlr37N2p1OTDe84EkZVQwJvxf0RpNGWekEJucILwTJhqAceO5CBuDd4eUwZW2467vSY6Fk940', u'uid': 3005})
2017-05-12 13:55:26,321 p=8507 u=root |  ok: [server2.local] => (item={u'username': u'summer', u'shell': u'/bin/sh', u'name': u'Summer Smith', u'groups': [u'users'], u'home': u'/home/summer', u'password': u'$6$jJKVWMqmwvh$sY2rg6nd0.JXBXlr37N2p1OTDe84EkZVQwJvxf0RpNGWekEJucILwTJhqAceO5CBuDd4eUwZW2467vSY6Fk940', u'uid': 3005})
2017-05-12 13:55:26,346 p=8507 u=root |  TASK [account : sudo install] ***********************************************************************************
2017-05-12 13:55:30,436 p=8507 u=root |  ok: [server1.local]
2017-05-12 13:55:30,730 p=8507 u=root |  ok: [server2.local]
2017-05-12 13:55:30,748 p=8507 u=root |  TASK [account : add user to sudoers file] ***********************************************************************
2017-05-12 13:55:36,121 p=8507 u=root |  ok: [server2.local] => (item={u'username': u'ricks', u'shell': u'/bin/bash', u'name': u'Rick Snazhez', u'sudoers': True, u'groups': [u'sudo', u'admin'], u'home': u'/home/sanchez', u'password': u'$6$rUf6kRAF.n11QN$HXhEeqUYNg/nGeVYfRh/8kBsGrhhOX.IFDPuxekhSEXJGN8WUlzuQL9W/sVT7t7hVhQnz7oogUCInKEGFDc2K.', u'uid': 3001})
2017-05-12 13:55:36,154 p=8507 u=root |  skipping: [server2.local] => (item={u'username': u'morty', u'shell': u'/bin/sh', u'name': u'Morty Smith', u'groups': [u'users'], u'home': u'/var/tmp/morty', u'password': u'$6$qOMoGDUfSCsosOa$.KGEGUTzjDPHtfq9tOvmxnHrMjPuxqvSySWwLaFMLuQQmbCqTb235Cj9sUZ3gThSPbxaDb3raS0TCgjEi1/Ie.', u'uid': 3002}) 
2017-05-12 13:55:36,162 p=8507 u=root |  skipping: [server2.local] => (item={u'username': u'beth', u'shell': u'/bin/sh', u'name': u'Beth Smith', u'groups': [u'users'], u'home': u'/home/beth', u'password': u'$6$CHtbSYp8BtkJ$rCnrIqvL9z5GouDTLOKEnpnBXh7MVFjU6u/7eO6d/UDjD3wOYIjTkAt0pOJsoTcP1umbA9cIeWAY8o1WVN49U0', u'uid': 3003}) 
2017-05-12 13:55:36,182 p=8507 u=root |  skipping: [server2.local] => (item={u'username': u'summer', u'shell': u'/bin/sh', u'name': u'Summer Smith', u'groups': [u'users'], u'home': u'/home/summer', u'password': u'$6$jJKVWMqmwvh$sY2rg6nd0.JXBXlr37N2p1OTDe84EkZVQwJvxf0RpNGWekEJucILwTJhqAceO5CBuDd4eUwZW2467vSY6Fk940', u'uid': 3005}) 
2017-05-12 13:55:36,183 p=8507 u=root |  skipping: [server2.local] => (item={u'username': u'jerry', u'shell': u'/bin/bash', u'name': u'Jerry Smith', u'groups': [u'users'], u'home': u'/tmp/jerry', u'password': u'$6$f5.Du.Ibme2UExp3$hbJB41vNG7IujdA3GdKteHUrPpYq59yXyWeOowRIcruvtawt6lBVZ9ADErq/AVrS2JbKvwc9LV4mTp3mSsxAZ0', u'uid': 3004}) 
2017-05-12 13:55:36,359 p=8507 u=root |  ok: [server1.local] => (item={u'username': u'ricks', u'shell': u'/bin/bash', u'name': u'Rick Snazhez', u'sudoers': True, u'groups': [u'sudo', u'admin'], u'home': u'/home/sanchez', u'password': u'$6$rUf6kRAF.n11QN$HXhEeqUYNg/nGeVYfRh/8kBsGrhhOX.IFDPuxekhSEXJGN8WUlzuQL9W/sVT7t7hVhQnz7oogUCInKEGFDc2K.', u'uid': 3001})
2017-05-12 13:55:36,389 p=8507 u=root |  skipping: [server1.local] => (item={u'username': u'morty', u'shell': u'/bin/sh', u'name': u'Morty Smith', u'groups': [u'users'], u'home': u'/var/tmp/morty', u'password': u'$6$qOMoGDUfSCsosOa$.KGEGUTzjDPHtfq9tOvmxnHrMjPuxqvSySWwLaFMLuQQmbCqTb235Cj9sUZ3gThSPbxaDb3raS0TCgjEi1/Ie.', u'uid': 3002}) 
2017-05-12 13:55:36,394 p=8507 u=root |  skipping: [server1.local] => (item={u'username': u'jerry', u'shell': u'/bin/bash', u'name': u'Jerry Smith', u'groups': [u'users'], u'home': u'/tmp/jerry', u'password': u'$6$f5.Du.Ibme2UExp3$hbJB41vNG7IujdA3GdKteHUrPpYq59yXyWeOowRIcruvtawt6lBVZ9ADErq/AVrS2JbKvwc9LV4mTp3mSsxAZ0', u'uid': 3004}) 
2017-05-12 13:55:36,395 p=8507 u=root |  skipping: [server1.local] => (item={u'username': u'beth', u'shell': u'/bin/sh', u'name': u'Beth Smith', u'groups': [u'users'], u'home': u'/home/beth', u'password': u'$6$CHtbSYp8BtkJ$rCnrIqvL9z5GouDTLOKEnpnBXh7MVFjU6u/7eO6d/UDjD3wOYIjTkAt0pOJsoTcP1umbA9cIeWAY8o1WVN49U0', u'uid': 3003}) 
2017-05-12 13:55:36,405 p=8507 u=root |  skipping: [server1.local] => (item={u'username': u'summer', u'shell': u'/bin/sh', u'name': u'Summer Smith', u'groups': [u'users'], u'home': u'/home/summer', u'password': u'$6$jJKVWMqmwvh$sY2rg6nd0.JXBXlr37N2p1OTDe84EkZVQwJvxf0RpNGWekEJucILwTJhqAceO5CBuDd4eUwZW2467vSY6Fk940', u'uid': 3005}) 
2017-05-12 13:55:36,416 p=8507 u=root |  PLAY RECAP ******************************************************************************************************
2017-05-12 13:55:36,417 p=8507 u=root |  server1.local              : ok=5    changed=0    unreachable=0    failed=0   
2017-05-12 13:55:36,417 p=8507 u=root |  server2.local              : ok=5    changed=0    unreachable=0    failed=0   
